-------------------------------------------------------------------------------
Test set: com.example.acceptancetests.AcceptanceTestSuite
-------------------------------------------------------------------------------
Tests run: 4, Failures: 0, Errors: 2, Skipped: 0, Time elapsed: 166.053 s <<< FAILURE! - in com.example.acceptancetests.AcceptanceTestSuite
Add Family members.Add family member in profil page  Time elapsed: 81.963 s  <<< ERROR!
org.openqa.selenium.TimeoutException: Expected condition failed: waiting for visibility of element located by By.xpath: //android.view.View[@content-desc="Profile Tab 4 of 4"] (tried for 40 second(s) with 1000 milliseconds interval)
Caused by: org.openqa.selenium.NoSuchElementException: 
An element could not be located on the page using the given search parameters.
For documentation on this error, please visit: https://www.seleniumhq.org/exceptions/no_such_element.html
Build info: version: '3.141.59', revision: 'e82be7d358', time: '2018-11-14T08:17:03'
System info: host: 'DESKTOP-PFETDR9', ip: '192.168.18.182', os.name: 'Windows 11', os.arch: 'amd64', os.version: '10.0', java.version: '11.0.17'
Driver info: io.appium.java_client.android.AndroidDriver
Capabilities {app: D:\VaccineBooking-QE\mobile..., appPackage: com.example.w_vaccine, automationName: UiAutomator2, databaseEnabled: false, desired: {app: D:\VaccineBooking-QE\mobile..., automationName: UiAutomator2, platformName: android, platformVersion: 13}, deviceApiLevel: 33, deviceManufacturer: Google, deviceModel: sdk_gphone64_x86_64, deviceName: emulator-5554, deviceScreenDensity: 440, deviceScreenSize: 1080x2220, deviceUDID: emulator-5554, javascriptEnabled: true, locationContextEnabled: false, networkConnectionEnabled: true, pixelRatio: 2.75, platform: LINUX, platformName: Android, platformVersion: 13, statBarHeight: 66, takesScreenshot: true, viewportRect: {height: 2088, left: 0, top: 66, width: 1080}, warnings: {}, webStorageEnabled: false}
Session ID: 8aa0be2a-64f4-4298-aded-5c4fbbea3093
*** Element info: {Using=xpath, value=//android.view.View[@content-desc="Profile Tab 4 of 4"]}

Booking Vaksin.Booking vaksin with search feature  Time elapsed: 18.33 s  <<< ERROR!
io.cucumber.junit.UndefinedStepException: 
The step "I click faskes" is undefined. You can implement it using the snippet(s) below:

@When("I click faskes")
public void i_click_faskes() {
    // Write code here that turns the phrase above into concrete actions
    throw new io.cucumber.java.PendingException();
}


